0 info it worked if it ends with ok
1 verbose cli [ '/home/chus/.nvm/v0.10.48/bin/node',
1 verbose cli   '/home/chus/.nvm/v0.10.48/bin/npm',
1 verbose cli   'run',
1 verbose cli   'scss' ]
2 info using npm@2.15.1
3 info using node@v0.10.48
4 verbose run-script [ 'prescss', 'scss', 'postscss' ]
5 info prescss templates@1.0.0
6 info scss templates@1.0.0
7 verbose unsafe-perm in lifecycle true
8 info templates@1.0.0 Failed to exec scss script
9 verbose stack Error: templates@1.0.0 scss: `node-sass --watch ../static/style.scss ../static/theme.css`
9 verbose stack Exit status 8
9 verbose stack     at EventEmitter.<anonymous> (/home/chus/.nvm/v0.10.48/lib/node_modules/npm/lib/utils/lifecycle.js:217:16)
9 verbose stack     at EventEmitter.emit (events.js:98:17)
9 verbose stack     at ChildProcess.<anonymous> (/home/chus/.nvm/v0.10.48/lib/node_modules/npm/lib/utils/spawn.js:24:14)
9 verbose stack     at ChildProcess.emit (events.js:98:17)
9 verbose stack     at maybeClose (child_process.js:766:16)
9 verbose stack     at Process.ChildProcess._handle.onexit (child_process.js:833:5)
10 verbose pkgid templates@1.0.0
11 verbose cwd /home/chus/ProgramacionEstu/Silux/ProbandoBackEnd/Prueba1/Silux/app/templates
12 error Linux 5.0.0-21-generic
13 error argv "/home/chus/.nvm/v0.10.48/bin/node" "/home/chus/.nvm/v0.10.48/bin/npm" "run" "scss"
14 error node v0.10.48
15 error npm  v2.15.1
16 error code ELIFECYCLE
17 error templates@1.0.0 scss: `node-sass --watch ../static/style.scss ../static/theme.css`
17 error Exit status 8
18 error Failed at the templates@1.0.0 scss script 'node-sass --watch ../static/style.scss ../static/theme.css'.
18 error This is most likely a problem with the templates package,
18 error not with npm itself.
18 error Tell the author that this fails on your system:
18 error     node-sass --watch ../static/style.scss ../static/theme.css
18 error You can get information on how to open an issue for this project with:
18 error     npm bugs templates
18 error Or if that isn't available, you can get their info via:
18 error
18 error     npm owner ls templates
18 error There is likely additional logging output above.
19 verbose exit [ 1, true ]
